<?xml version="1.0" encoding="UTF-8"?>
<!-- Generated by org.testng.reporters.JUnitReportReporter -->
<testsuite hostname="Siddu" name="test.T1" tests="2" failures="0" timestamp="1 May 2021 05:35:22 GMT" time="0.000" errors="0">
  <testcase name="t13" time="0.000" classname="test.T1"/>
  <testcase name="t12" time="0.000" classname="test.T1"/>
</testsuite> <!-- test.T1 -->
